<?xml version="1.0" encoding="UTF-8"?>
<testng-results ignored="0" total="1" passed="1" failed="0" skipped="0">
  <reporter-output>
  </reporter-output>
  <suite started-at="2021-03-09T17:01:08 IST" name="Default suite" finished-at="2021-03-09T17:02:33 IST" duration-ms="84831">
    <groups>
    </groups>
    <test started-at="2021-03-09T17:01:08 IST" name="Default test" finished-at="2021-03-09T17:02:33 IST" duration-ms="84831">
      <class name="pkg_UserTestCases.TC_LogIn_002">
        <test-method is-config="true" signature="setup()[pri:0, instance:pkg_UserTestCases.TC_LogIn_002@3232a28a]" started-at="2021-03-09T17:01:08 IST" name="setup" finished-at="2021-03-09T17:02:12 IST" duration-ms="64359" status="PASS">
          <reporter-output>
          </reporter-output>
        </test-method> <!-- setup -->
        <test-method signature="logInTest()[pri:0, instance:pkg_UserTestCases.TC_LogIn_002@3232a28a]" started-at="2021-03-09T17:02:13 IST" name="logInTest" finished-at="2021-03-09T17:02:32 IST" duration-ms="19820" status="PASS">
          <reporter-output>
          </reporter-output>
        </test-method> <!-- logInTest -->
        <test-method is-config="true" signature="tearDown()[pri:0, instance:pkg_UserTestCases.TC_LogIn_002@3232a28a]" started-at="2021-03-09T17:02:32 IST" name="tearDown" finished-at="2021-03-09T17:02:33 IST" duration-ms="498" status="PASS">
          <reporter-output>
          </reporter-output>
        </test-method> <!-- tearDown -->
      </class> <!-- pkg_UserTestCases.TC_LogIn_002 -->
    </test> <!-- Default test -->
  </suite> <!-- Default suite -->
</testng-results>
